0 info it worked if it ends with ok
1 verbose cli [ 'node', '/usr/local/bin/npm', 'install', 'gulp' ]
2 info using npm@2.11.2
3 info using node@v0.12.5
4 verbose install initial load of /Users/florguzman/Desktop/code/lenders/package.json
5 verbose readDependencies loading dependencies from /Users/florguzman/Desktop/code/lenders/package.json
6 silly cache add args [ 'gulp', null ]
7 verbose cache add spec gulp
8 silly cache add parsed spec { raw: 'gulp',
8 silly cache add   scope: null,
8 silly cache add   name: 'gulp',
8 silly cache add   rawSpec: '',
8 silly cache add   spec: '*',
8 silly cache add   type: 'range' }
9 silly addNamed gulp@*
10 verbose addNamed "*" is a valid semver range for gulp
11 silly addNameRange { name: 'gulp', range: '*', hasData: false }
12 silly mapToRegistry name gulp
13 silly mapToRegistry using default registry
14 silly mapToRegistry registry https://registry.npmjs.org/
15 silly mapToRegistry uri https://registry.npmjs.org/gulp
16 verbose addNameRange registry:https://registry.npmjs.org/gulp not in flight; fetching
17 verbose request uri https://registry.npmjs.org/gulp
18 verbose request no auth needed
19 info attempt registry request try #1 at 9:45:26 AM
20 verbose request id 78ae8d643d3d77f9
21 verbose etag "17ASJANQWUN9KQ1F5RJAOPZJF"
22 http request GET https://registry.npmjs.org/gulp
23 info retry will retry, error on last attempt: Error: getaddrinfo ENOTFOUND registry.npmjs.org
24 info attempt registry request try #2 at 9:45:36 AM
25 verbose etag "17ASJANQWUN9KQ1F5RJAOPZJF"
26 http request GET https://registry.npmjs.org/gulp
27 info retry will retry, error on last attempt: Error: getaddrinfo ENOTFOUND registry.npmjs.org
28 info attempt registry request try #3 at 9:46:36 AM
29 verbose etag "17ASJANQWUN9KQ1F5RJAOPZJF"
30 http request GET https://registry.npmjs.org/gulp
31 silly get cb [ 304, undefined ]
32 verbose etag https://registry.npmjs.org/gulp from cache
33 verbose get saving gulp to /Users/florguzman/.npm/registry.npmjs.org/gulp/.cache.json
34 silly addNameRange number 2 { name: 'gulp', range: '*', hasData: true }
35 silly addNameRange versions [ 'gulp',
35 silly addNameRange   [ '0.0.1',
35 silly addNameRange     '0.0.2',
35 silly addNameRange     '0.0.3',
35 silly addNameRange     '0.0.4',
35 silly addNameRange     '0.0.5',
35 silly addNameRange     '0.0.7',
35 silly addNameRange     '0.0.8',
35 silly addNameRange     '0.0.9',
35 silly addNameRange     '0.1.0',
35 silly addNameRange     '0.2.0',
35 silly addNameRange     '1.0.0',
35 silly addNameRange     '1.1.0',
35 silly addNameRange     '1.2.0',
35 silly addNameRange     '1.2.1',
35 silly addNameRange     '2.0.0',
35 silly addNameRange     '2.0.1',
35 silly addNameRange     '2.1.0',
35 silly addNameRange     '2.2.0',
35 silly addNameRange     '2.3.0',
35 silly addNameRange     '2.4.0',
35 silly addNameRange     '2.4.1',
35 silly addNameRange     '2.6.0',
35 silly addNameRange     '2.6.1',
35 silly addNameRange     '2.7.0',
35 silly addNameRange     '3.0.0',
35 silly addNameRange     '3.1.1',
35 silly addNameRange     '3.1.2',
35 silly addNameRange     '3.1.3',
35 silly addNameRange     '3.1.4',
35 silly addNameRange     '3.2.0',
35 silly addNameRange     '3.2.1',
35 silly addNameRange     '3.2.2',
35 silly addNameRange     '3.2.3',
35 silly addNameRange     '3.2.4',
35 silly addNameRange     '3.2.5',
35 silly addNameRange     '3.3.0',
35 silly addNameRange     '3.3.1',
35 silly addNameRange     '3.3.2',
35 silly addNameRange     '3.3.4',
35 silly addNameRange     '3.4.0',
35 silly addNameRange     '3.5.0',
35 silly addNameRange     '3.5.1',
35 silly addNameRange     '3.5.2',
35 silly addNameRange     '3.5.5',
35 silly addNameRange     '3.5.6',
35 silly addNameRange     '3.6.0',
35 silly addNameRange     '3.6.1',
35 silly addNameRange     '3.6.2',
35 silly addNameRange     '3.7.0',
35 silly addNameRange     '3.8.0',
35 silly addNameRange     '3.8.1',
35 silly addNameRange     '3.8.2',
35 silly addNameRange     '3.8.3',
35 silly addNameRange     '3.8.4',
35 silly addNameRange     '3.8.5',
35 silly addNameRange     '3.8.6',
35 silly addNameRange     '3.8.7',
35 silly addNameRange     '3.8.8',
35 silly addNameRange     '3.8.9',
35 silly addNameRange     '3.8.10',
35 silly addNameRange     '3.8.11',
35 silly addNameRange     '3.9.0' ] ]
36 silly addNamed gulp@3.9.0
37 verbose addNamed "3.9.0" is a plain semver version for gulp
38 silly cache afterAdd gulp@3.9.0
39 verbose afterAdd /Users/florguzman/.npm/gulp/3.9.0/package/package.json not in flight; writing
40 verbose afterAdd /Users/florguzman/.npm/gulp/3.9.0/package/package.json written
41 silly install resolved [ { name: 'gulp',
41 silly install resolved     description: 'The streaming build system',
41 silly install resolved     version: '3.9.0',
41 silly install resolved     homepage: 'http://gulpjs.com',
41 silly install resolved     repository: { type: 'git', url: 'git+https://github.com/gulpjs/gulp.git' },
41 silly install resolved     author:
41 silly install resolved      { name: 'Fractal',
41 silly install resolved        email: 'contact@wearefractal.com',
41 silly install resolved        url: 'http://wearefractal.com/' },
41 silly install resolved     tags: [ 'build', 'stream', 'system', 'make', 'tool', 'asset', 'pipeline' ],
41 silly install resolved     files: [ 'index.js', 'lib', 'bin', 'completion' ],
41 silly install resolved     bin: { gulp: './bin/gulp.js' },
41 silly install resolved     man: [ 'gulp.1' ],
41 silly install resolved     dependencies:
41 silly install resolved      { archy: '^1.0.0',
41 silly install resolved        chalk: '^1.0.0',
41 silly install resolved        deprecated: '^0.0.1',
41 silly install resolved        'gulp-util': '^3.0.0',
41 silly install resolved        interpret: '^0.6.2',
41 silly install resolved        liftoff: '^2.1.0',
41 silly install resolved        minimist: '^1.1.0',
41 silly install resolved        orchestrator: '^0.3.0',
41 silly install resolved        'pretty-hrtime': '^1.0.0',
41 silly install resolved        semver: '^4.1.0',
41 silly install resolved        tildify: '^1.0.0',
41 silly install resolved        v8flags: '^2.0.2',
41 silly install resolved        'vinyl-fs': '^0.3.0' },
41 silly install resolved     devDependencies:
41 silly install resolved      { coveralls: '^2.7.0',
41 silly install resolved        'graceful-fs': '^3.0.0',
41 silly install resolved        istanbul: '^0.3.0',
41 silly install resolved        jscs: '~1.12.0',
41 silly install resolved        jshint: '^2.5.0',
41 silly install resolved        'jshint-stylish': '^1.0.0',
41 silly install resolved        'marked-man': '^0.1.3',
41 silly install resolved        mkdirp: '^0.5.0',
41 silly install resolved        mocha: '^2.0.1',
41 silly install resolved        'mocha-lcov-reporter': '^0.0.1',
41 silly install resolved        q: '^1.0.0',
41 silly install resolved        rimraf: '^2.2.5',
41 silly install resolved        should: '^5.0.1' },
41 silly install resolved     scripts:
41 silly install resolved      { prepublish: 'marked-man --name gulp docs/CLI.md > gulp.1',
41 silly install resolved        lint: 'jshint lib bin test index.js --reporter node_modules/jshint-stylish/stylish.js --exclude node_modules && jscs lib bin test index.js',
41 silly install resolved        test: 'npm run-script lint && mocha --reporter spec',
41 silly install resolved        coveralls: 'istanbul cover _mocha --report lcovonly -- -R spec && cat ./coverage/lcov.info | coveralls && rm -rf ./coverage' },
41 silly install resolved     engines: { node: '>= 0.9' },
41 silly install resolved     license: 'MIT',
41 silly install resolved     gitHead: '657213a52d5e9c19b85df6a42f76341a98c08ae8',
41 silly install resolved     bugs: { url: 'https://github.com/gulpjs/gulp/issues' },
41 silly install resolved     _id: 'gulp@3.9.0',
41 silly install resolved     _shasum: 'cf1fba4cb558bb8c6ae6c9613f583ae2620d214a',
41 silly install resolved     _from: 'gulp@*',
41 silly install resolved     _npmVersion: '2.8.3',
41 silly install resolved     _nodeVersion: '0.10.36',
41 silly install resolved     _npmUser: { name: 'phated', email: 'blaine@iceddev.com' },
41 silly install resolved     maintainers: [ [Object], [Object] ],
41 silly install resolved     dist:
41 silly install resolved      { shasum: 'cf1fba4cb558bb8c6ae6c9613f583ae2620d214a',
41 silly install resolved        tarball: 'http://registry.npmjs.org/gulp/-/gulp-3.9.0.tgz' },
41 silly install resolved     directories: {},
41 silly install resolved     _resolved: 'https://registry.npmjs.org/gulp/-/gulp-3.9.0.tgz',
41 silly install resolved     readme: 'ERROR: No README data found!' } ]
42 info install gulp@3.9.0 into /Users/florguzman/Desktop/code/lenders
43 info installOne gulp@3.9.0
44 verbose installOne of gulp to /Users/florguzman/Desktop/code/lenders not in flight; installing
45 warn locking Error: EACCES, open '/Users/florguzman/.npm/_locks/gulp-90e84358687660a4.lock'
45 warn locking     at Error (native)
45 warn locking  /Users/florguzman/.npm/_locks/gulp-90e84358687660a4.lock failed { [Error: EACCES, open '/Users/florguzman/.npm/_locks/gulp-90e84358687660a4.lock']
45 warn locking   errno: -13,
45 warn locking   code: 'EACCES',
45 warn locking   path: '/Users/florguzman/.npm/_locks/gulp-90e84358687660a4.lock' }
46 verbose stack Error: Attempt to unlock /Users/florguzman/Desktop/code/lenders/node_modules/gulp, which hasn't been locked
46 verbose stack     at unlock (/usr/local/lib/node_modules/npm/lib/utils/locker.js:66:11)
46 verbose stack     at cb (/usr/local/lib/node_modules/npm/lib/install.js:1017:5)
46 verbose stack     at /usr/local/lib/node_modules/npm/lib/install.js:1021:20
46 verbose stack     at /usr/local/lib/node_modules/npm/lib/utils/locker.js:40:9
46 verbose stack     at cb (/usr/local/lib/node_modules/npm/node_modules/lockfile/lockfile.js:149:38)
46 verbose stack     at /usr/local/lib/node_modules/npm/node_modules/lockfile/lockfile.js:177:38
46 verbose stack     at FSReqWrap.oncomplete (fs.js:95:15)
47 verbose cwd /Users/florguzman/Desktop/code/lenders
48 error Darwin 14.5.0
49 error argv "node" "/usr/local/bin/npm" "install" "gulp"
50 error node v0.12.5
51 error npm  v2.11.2
52 error Attempt to unlock /Users/florguzman/Desktop/code/lenders/node_modules/gulp, which hasn't been locked
53 error If you need help, you may report this error at:
53 error     <https://github.com/npm/npm/issues>
54 verbose exit [ 1, true ]
